C51 COMPILER V9.52.0.0   FU68XX_MCCMP                                                      08/07/2017 14:18:20 PAGE 1   


C51 COMPILER V9.52.0.0, COMPILATION OF MODULE FU68XX_MCCMP
OBJECT MODULE PLACED IN .\obj\fu68xx_MCcmp.obj
COMPILER INVOKED BY: C:\Keil_v4\C51\BIN\C51.EXE User\Source\fu68xx_MCcmp.c LARGE OMF2 WARNINGLEVEL(0) OPTIMIZE(SIZE) BRO
                    -WSE NOAREGS INCDIR(.\Library\Include;.\User\Include) DEBUG PRINT(.\obj\fu68xx_MCcmp.lst) TABS(2) OBJECT(.\obj\fu68xx_MCc
                    -mp.obj)

line level    source

   1          
   2          /************************ (C) COPYRIGHT 2015 FT *******************************
   3          * File Name          : 
   4          * Author             : Application Team  Tom.wang 
   5          * Version            : V2.0.0
   6          * Date               : 06/15/2015
   7          * Description        : 
   8          ********************************************************************************
   9          /*******************************************************************************
  10          * All Rights Reserved
  11          *******************************************************************************/
  12          
  13          /* Includes ------------------------------------------------------------------*/
  14          #include <FU68xx.h>
  15          #include "sys_conf.h"
  16          #include "fu68xx_MCcmp.h"
  17          /* Private typedef -----------------------------------------------------------*/
  18          /* Private define ------------------------------------------------------------*/
  19          /* Private macro -------------------------------------------------------------*/
  20          /* Private variables ---------------------------------------------------------*/
  21          /* Private function prototypes -----------------------------------------------*/
  22          /* Private functions ---------------------------------------------------------*/
  23          
  24          /*******************************************************************************
  25          * Function Name  : CMP_Iint
  26          * Description    : Main program.
  27          * Input          : None
  28          * Output         : None
  29          * Return         : None
  30          *******************************************************************************/
  31          void CMP_Config(void)
  32          {
  33   1        /*-----------------------------------------------------------------------------------
  34   1        CMP Input Pin Mode
  35   1        0: GPIO Mode, P1.4--CMP0_IN+, P1.6--CMP1_IN+, P2.1--CMP2_IN+
  36   1        P1.5--CMP0_IN-, P1.7--CMP1_IN-, P2.2--CMP2_IN-
  37   1        1: BEMF Mode, 比较器正端连接到内部星型连接电阻U、V、W的BMEF采样点，
  38   1        比较器负端连接到内部星型连接电阻的虚拟中性点
  39   1        比较器负端与P1.5/P1.7/P2.2断开，这三个GPIO可做其他用途
  40   1        -----------------------------------------------------------------------------------*/ 
  41   1        SetBit(P2_AN, P26, 1);
  42   1        SetBit(P2_AN, P27, 1);    // CMP3
  43   1        SetBit(CMP_CR1, BEMFREN, 0);
  44   1          /*-------------------------------------------------------------------------------------------------
  45   1        比较器迟滞电压选择
  46   1        000: 无迟滞   001: +-2.5mV   010: -5mV   011: +5mV
  47   1        100: +-5mV   101: -7.5mV   110: +7.5mV   111: +-7.5mV
  48   1        -------------------------------------------------------------------------------------------------*/
  49   1        SetBit(CMP_CR1, CMP3HYS2, 1);
  50   1        SetBit(CMP_CR1, CMP3HYS1, 1);
  51   1        SetBit(CMP_CR1, CMP3HYS0, 1);   // 比较器3无迟滞电压
  52   1        
  53   1        /*-----------------------------------------------------------------------------------
C51 COMPILER V9.52.0.0   FU68XX_MCCMP                                                      08/07/2017 14:18:20 PAGE 2   

  54   1        比较器中断模式配置
  55   1        00: 不产生中断  01: 上升沿产生中断  10: 下降沿产生中断  11: 上升/下降沿产生中断
  56   1        ------------------------------------------------------------------------------------*/
  57   1        CMP_SR &= 0xF7;               // clear interrupt flag
  58   1        #if (EFAL == FO_CMP)
  59   1        SetBit(CMP_CR0, CMP3IM1, 0);
  60   1        SetBit(CMP_CR0, CMP3IM0, 1); 
  61   1        #else
                SetBit(CMP_CR0, CMP3IM1, 0);
                SetBit(CMP_CR0, CMP3IM0, 0);   
                #endif
  65   1        
  66   1        /*比较器使能-----------------------------------------------------------------------*/
  67   1        SetBit(CMP_CR2, CMP3EN, 0);
  68   1        CLR(CMP_SR, CMP3INTR);
  69   1        
  70   1        #if (POSITION_FB_MODE == SENSORLESS)
  71   1        SetBit(CMP_CR1, BEMFREN, 1);
  72   1        // CMP Input Pin Mode
  73   1        SetBit(P1_AN, P14, 1);
  74   1        SetBit(P1_AN, P15, 1);  // CMP0
  75   1        SetBit(P1_AN, P16, 1);
  76   1        SetBit(P1_AN, P17, 1);  // CMP1
  77   1        SetBit(P2_AN, P21, 1);
  78   1        SetBit(P2_AN, P22, 1);  // CMP2  
  79   1        /*-------------------------------------------------------------------------------------------------
  80   1        比较器迟滞电压选择
  81   1        000: 无迟滞   001: +-2.5mV   010: -5mV   011: +5mV
  82   1        100: +-5mV   101: -7.5mV   110: +7.5mV   111: +-7.5mV
  83   1        -------------------------------------------------------------------------------------------------*/
  84   1        //比较器迟滞电压选择
  85   1        SetBit(CMP_CR1, CMP0HYS2, 0);
  86   1        SetBit(CMP_CR1, CMP0HYS1, 0);
  87   1        SetBit(CMP_CR1, CMP0HYS0, 1);   // 比较器0无迟滞电压  
  88   1        
  89   1        /*比较器0~2输出采样使能------------------------------------------------------------*/
  90   1        #if(CMPSAME_EN)
  91   1        SetBit(CMP_CR2, CMPSAME, 1);    // enable CMP output filter 
  92   1        #else
                SetBit(CMP_CR2, CMPSAME, 0);    // enable CMP output filter   
                #endif
  95   1        /*比较器输出选择配置---------------------------------------------------------------*/
  96   1        SetBit(CMP_CR2, CMPSEL1, 0);    
  97   1        SetBit(CMP_CR2, CMPSEL0, 1);    // select CMP2 output
  98   1        SetBit(CMP_CR2, CMPOE, 1);      // enable CMP output
  99   1        SetBit(P0_OE, P07, 1);  
 100   1        
 101   1        //比较器中断模式配置
 102   1        SetBit(CMP_CR0, CMP2IM1, 0);
 103   1        SetBit(CMP_CR0, CMP2IM0, 0);
 104   1        SetBit(CMP_CR0, CMP1IM1, 0);
 105   1        SetBit(CMP_CR0, CMP1IM0, 0);
 106   1        SetBit(CMP_CR0, CMP0IM1, 0);
 107   1        SetBit(CMP_CR0, CMP0IM0, 0);
 108   1        
 109   1        SetBit(CMP_CR2, CMP2EN, 1);
 110   1        SetBit(CMP_CR2, CMP1EN, 1);
 111   1        SetBit(CMP_CR2, CMP0EN, 1);  
 112   1        #endif
 113   1      } 
 114            

C51 COMPILER V9.52.0.0   FU68XX_MCCMP                                                      08/07/2017 14:18:20 PAGE 3   


MODULE INFORMATION:   STATIC OVERLAYABLE
   CODE SIZE        =    121    ----
   CONSTANT SIZE    =   ----    ----
   XDATA SIZE       =   ----    ----
   PDATA SIZE       =   ----    ----
   DATA SIZE        =   ----    ----
   IDATA SIZE       =   ----    ----
   BIT SIZE         =   ----    ----
   EDATA SIZE       =   ----    ----
   HDATA SIZE       =   ----    ----
   XDATA CONST SIZE =   ----    ----
   FAR CONST SIZE   =   ----    ----
END OF MODULE INFORMATION.


C51 COMPILATION COMPLETE.  0 WARNING(S),  0 ERROR(S)
