C51 COMPILER V9.52.0.0   FU68XX_MCPID                                                      08/07/2017 14:18:21 PAGE 1   


C51 COMPILER V9.52.0.0, COMPILATION OF MODULE FU68XX_MCPID
OBJECT MODULE PLACED IN .\obj\fu68xx_MCpid.obj
COMPILER INVOKED BY: C:\Keil_v4\C51\BIN\C51.EXE User\Source\fu68xx_MCpid.c LARGE OMF2 WARNINGLEVEL(0) OPTIMIZE(SIZE) BRO
                    -WSE NOAREGS INCDIR(.\Library\Include;.\User\Include) DEBUG PRINT(.\obj\fu68xx_MCpid.lst) TABS(2) OBJECT(.\obj\fu68xx_MCp
                    -id.obj)

line level    source

   1          
   2          /************************ (C) COPYRIGHT 2015 FT *******************************
   3          * File Name          : 
   4          * Author             : Application Team  Tom.wang 
   5          * Version            : V2.0.0
   6          * Date               : 06/15/2015
   7          * Description        : 
   8          ********************************************************************************
   9          /*******************************************************************************
  10          * All Rights Reserved
  11          *******************************************************************************/
  12          
  13          /* Includes ------------------------------------------------------------------*/
  14          #include <FU68xx.h>
  15          #include "sys_conf.h"
  16          #include "fu68xx_MCpid.h"
  17          
  18          /** @addtogroup FT68xx
  19            * @{
  20            */
  21          
  22          /* Private typedef -----------------------------------------------------------*/
  23          /* Private define ------------------------------------------------------------*/
  24          
  25          /* Private macro -------------------------------------------------------------*/
  26          /* Private variables ---------------------------------------------------------*/
  27          PIDREG3 idata pid_spd ;                       //速度环 
  28          PIDREG3 idata pid_is ;                        //电流环
  29          /* Private function prototypes -----------------------------------------------*/
  30          /* Private functions ---------------------------------------------------------*/
  31          void Pid_Config(void);                        //pid模块配置
  32          void Pid_IsInit(void);
  33          void Pid_SpdInit(void);
  34          s16  Pid_calc( PIDREG3 *v);                   //计算
  35          
  36          void Pid_Config(void)
  37          {
  38   1      /*-----------------------------------------------------------------------------------
  39   1        PI数据格式
  40   1        Q = PIRANGE + 8(Q8~Q23数据格式)
  41   1        给寄存器赋值时要统一数据格式
  42   1      -----------------------------------------------------------------------------------*/   
  43   1        SetBit(PL_CR, PIRANGE3, 0);
  44   1        SetBit(PL_CR, PIRANGE2, 1);
  45   1        SetBit(PL_CR, PIRANGE1, 1);
  46   1        SetBit(PL_CR, PIRANGE0, 1);       //PI截位Q=PIRANGE+8，即PI数据格式             
  47   1      
  48   1        PI_KP = 0;                        //寄存器数据类型：int16 Q12格式，PI_KP=Kp*2^12，
  49   1        PI_KI = 0;                        //寄存器数据类型：int16 Q12格式，PI_KI=Kp*2^12
  50   1        PI_EK = 0;                        
  51   1        PI_UK = 0;                        //寄存器数据类型：int16
  52   1        PI_UKMAX = 0;                     //寄存器数据类型：int16
  53   1        PI_UKMIN = 0;                     //寄存器数据类型：int16
C51 COMPILER V9.52.0.0   FU68XX_MCPID                                                      08/07/2017 14:18:21 PAGE 2   

  54   1      }
  55          
  56          
  57          /*******************************************************************************
  58          * Function Name  : PI_Init
  59          * Description    : 
  60          * Input          : None
  61          * Output         : 
  62          * Return         : None
  63          *******************************************************************************/
  64          void Pid_SpdInit(void)
  65          {
  66   1        pid_spd.Ref = 0;
  67   1        pid_spd.Fdb = 0;
  68   1        
  69   1      //  pid_spd.Kp = SPEED_PTERM; //Q15格式
  70   1      //  pid_spd.Ki = SPEED_ITERM; //Q15格式
  71   1        pid_spd.Err = 0;
  72   1        pid_spd.Err_Last1 = 0;
  73   1        pid_spd.Err_Err = 0;
  74   1        pid_spd.Out = 0;
  75   1      
  76   1        pid_spd.OutMax = SPEED_OUTMAX;
  77   1        pid_spd.OutMin = SPEED_OUTMIN;    
  78   1      }
  79          
  80          /*******************************************************************************
  81          * Function Name  : PI_Init
  82          * Description    : 
  83          * Input          : None
  84          * Output         : 
  85          * Return         : None
  86          *******************************************************************************/
  87          void Pid_IsInit(void)
  88          {
  89   1        pid_is.Ref = 0;
  90   1        pid_is.Fdb = 0;
  91   1      //  pid_is.Kp = CURRENT_PTERM; //Q15格式
  92   1      //  pid_is.Ki = CURRENT_ITERM; //Q15格式
  93   1        pid_is.Err = 0;
  94   1        pid_is.Err_Last1 = 0;
  95   1        pid_is.Err_Err = 0;
  96   1        pid_is.Out = 0;
  97   1      
  98   1        pid_is.OutMax = CURRENT_OUTMAX ;
  99   1        pid_is.OutMin = CURRENT_OUTMIN;
 100   1      }
 101          
 102          /*******************************************************************************
 103          * Function Name  : 
 104          * Description    : 
 105          * Input          : None
 106          * Output         : 
 107          * Return         : None
 108          *******************************************************************************/
 109          s16 Pid_calc(PIDREG3 *v)   
 110          {
 111   1      //  /*指针类型数据判断执行时间2.5us*/
 112   1        PI_KP = v->Kp;                  //寄存器数据类型：int16 Q12格式，PI_KP=Kp*2^12，
 113   1        PI_KI = v->Ki;                  //寄存器数据类型：int16 Q12格式，PI_KI=Kp*2^12
 114   1        PI_EK = v->Err;                       
 115   1        PI_UK = v->Out;                 //寄存器数据类型：int16
C51 COMPILER V9.52.0.0   FU68XX_MCPID                                                      08/07/2017 14:18:21 PAGE 3   

 116   1        PI_UKMAX = v->OutMax;           //寄存器数据类型：int16
 117   1        PI_UKMIN = v->OutMin;           //寄存器数据类型：int16
 118   1      
 119   1        /*赋值运算时间3.2us*/ 
 120   1        v->Err = v->Ref - v->Fdb;               //计算PID当前偏差  
 121   1      
 122   1        /*PI硬核运算时间1.8us*/
 123   1        PI_EK = v->Err;                   //PI输入
 124   1        PI_UK = v->Out;                   //寄存器数据类型：int16
 125   1        SetBit(PL_CR,PISTA,1);
 126   1        _nop_();
 127   1        _nop_();
 128   1        _nop_();
 129   1        _nop_();
 130   1        _nop_();
 131   1      
 132   1        v->Out = PI_UK;                   //PI输出
 133   1        return v->Out;
 134   1      }


MODULE INFORMATION:   STATIC OVERLAYABLE
   CODE SIZE        =    261    ----
   CONSTANT SIZE    =   ----    ----
   XDATA SIZE       =   ----    ----
   PDATA SIZE       =   ----    ----
   DATA SIZE        =   ----    ----
   IDATA SIZE       =     40    ----
   BIT SIZE         =   ----    ----
   EDATA SIZE       =   ----    ----
   HDATA SIZE       =   ----    ----
   XDATA CONST SIZE =   ----    ----
   FAR CONST SIZE   =   ----    ----
END OF MODULE INFORMATION.


C51 COMPILATION COMPLETE.  0 WARNING(S),  0 ERROR(S)
