C51 COMPILER V9.52.0.0   FU68XX_MCHALL                                                     08/07/2017 14:18:20 PAGE 1   


C51 COMPILER V9.52.0.0, COMPILATION OF MODULE FU68XX_MCHALL
OBJECT MODULE PLACED IN .\obj\fu68xx_MChall.obj
COMPILER INVOKED BY: C:\Keil_v4\C51\BIN\C51.EXE User\Source\fu68xx_MChall.c LARGE OMF2 WARNINGLEVEL(0) OPTIMIZE(SIZE) BR
                    -OWSE NOAREGS INCDIR(.\Library\Include;.\User\Include) DEBUG PRINT(.\obj\fu68xx_MChall.lst) TABS(2) OBJECT(.\obj\fu68xx_M
                    -Chall.obj)

line level    source

   1          
   2          /************************ (C) COPYRIGHT 2015 FT *******************************
   3          * File Name          : 
   4          * Author             : Application Team  Tom.wang 
   5          * Version            : V2.0.0
   6          * Date               : 06/15/2015
   7          * Description        : 
   8          ********************************************************************************
   9          /*******************************************************************************
  10          * All Rights Reserved
  11          *******************************************************************************/
  12          
  13          /* Includes ------------------------------------------------------------------*/
  14          #include <FU68xx.h>
  15          #include "sys_conf.h"
  16          #include "fu68xx_MChall.h"
  17          #include "MC_MotorCotrol_layer.h" 
  18          #include "MC_MotorDriver_layer.h"  
  19          
  20          /* Private typedef -----------------------------------------------------------*/
  21          /* Private define ------------------------------------------------------------*/
  22          /* Private macro -------------------------------------------------------------*/
  23          /* Private variables ---------------------------------------------------------*/
  24           uc8 HALL2SECTIONCW[8]   = {0x7F,2,4,3,6,1,5,0xFF};
  25           uc8 HALL2SECTIONCCW[8]  = {0X7F,5,1,6,3,4,2,0xFF}; 
  26          /* Private function prototypes -----------------------------------------------*/
  27          /* Private functions ---------------------------------------------------------*/
  28          
  29          /*******************************************************************************
  30          * Function Name  : Hall_Init      外部中断配置，hall使用tim1作为输入
  31          * Description    : P14 P16 P21
  32          * Input          : None
  33          * Output         : None
  34          * Return         : None
  35          *******************************************************************************/
  36          void Hall_Init(void)
  37          {
  38   1        #if(HALLPTDPE)
                SetBit(P1_PU, P14, 1);  // enable P14 pull up 
                SetBit(P1_PU, P16, 1);  // enable P16 pull up 
                SetBit(P2_PU, P21, 1);  // enable P21 pull up 
                #else
  43   1        SetBit(P1_PU, P14, 0);  // enable P14 pull up 
  44   1        SetBit(P1_PU, P16, 0);  // enable P16 pull up 
  45   1        SetBit(P2_PU, P21, 0);  // enable P21 pull up   
  46   1        #endif
  47   1      }
  48          
  49          /*******************************************************************************
  50          * Function Name  : Hall_IRQHandler
  51          * Description    : P14 P16 P21
  52          * Input          : None
  53          * Output         : None
C51 COMPILER V9.52.0.0   FU68XX_MCHALL                                                     08/07/2017 14:18:20 PAGE 2   

  54          * Return         : None
  55          *******************************************************************************/
  56          u8 Hall_IRQHandler(void)
  57          {
  58   1        uint8 HallStatus = 0;
  59   1        
  60   1        if(HC == 1)
  61   1        {
  62   2          HallStatus += 4;
  63   2        }
  64   1        #if (HALL_SENSORS_PLACEMENT == DEGREES_60)
                if(HB == 0)
                {
                  HallStatus += 2;
                }
                #elif (HALL_SENSORS_PLACEMENT == DEGREES_120)
  70   1        if(HB == 1)
  71   1        {
  72   2          HallStatus += 2;
  73   2        }
  74   1        #endif
  75   1        if(HA == 1)
  76   1        {
  77   2          HallStatus += 1;
  78   2        }
  79   1        //HALL状态
  80   1        //转子扇区
  81   1        if (Ctl.direction == CW)
  82   1        {
  83   2          Drv.Hall.Section = HALL2SECTIONCW[HallStatus];   
  84   2        }
  85   1        else if (Ctl.direction == CCW)
  86   1        {
  87   2          Drv.Hall.Section = HALL2SECTIONCCW[HallStatus];
  88   2        }  
  89   1        Ctl.Step = Drv.Hall.Section;
  90   1        return HallStatus;
  91   1      }


MODULE INFORMATION:   STATIC OVERLAYABLE
   CODE SIZE        =     72    ----
   CONSTANT SIZE    =     16    ----
   XDATA SIZE       =   ----    ----
   PDATA SIZE       =   ----    ----
   DATA SIZE        =   ----    ----
   IDATA SIZE       =   ----    ----
   BIT SIZE         =   ----    ----
   EDATA SIZE       =   ----    ----
   HDATA SIZE       =   ----    ----
   XDATA CONST SIZE =   ----    ----
   FAR CONST SIZE   =   ----    ----
END OF MODULE INFORMATION.


C51 COMPILATION COMPLETE.  0 WARNING(S),  0 ERROR(S)
